<?xml version="1.0" encoding="UTF-8"?>
<!-- Generated by org.testng.reporters.JUnitXMLReporter -->
<testsuite hostname="HYDGSI3DQXHR2" ignored="0" name="Test" tests="1" failures="1" timestamp="2020-06-18T20:13:50 IST" time="0.029" errors="0">
  <testcase name="PBlogin" time="0.0" classname="SkipE.parameters">
    <failure type="org.testng.TestNGException" message="
Method PBlogin requires 4 parameters but 3 were supplied in the @Test annotation.">
      <![CDATA[org.testng.TestNGException: 
Method PBlogin requires 4 parameters but 3 were supplied in the @Test annotation.
at java.util.ArrayList.forEach(ArrayList.java:1257)
... Removed 26 stack frames]]>
    </failure>
  </testcase> <!-- PBlogin -->
</testsuite> <!-- Test -->
